Arguments: 
  C:\Program Files\nodejs\node.exe C:\Program Files (x86)\Yarn\bin\yarn.js run lint

PATH: 
  C:\Python312\Scripts\;C:\Python312\;C:\WINDOWS\system32;C:\WINDOWS;C:\WINDOWS\System32\Wbem;C:\WINDOWS\System32\WindowsPowerShell\v1.0\;C:\WINDOWS\System32\OpenSSH\;C:\Program Files\Git\cmd;C:\Program Files (x86)\Yarn\bin\;C:\Program Files\nodejs\;C:\ProgramData\chocolatey\bin;;C:\Program Files\Docker\Docker\resources\bin;C:\Program Files (x86)\Microsoft SQL Server\160\Tools\Binn\;C:\Program Files\Microsoft SQL Server\160\Tools\Binn\;C:\Program Files\Microsoft SQL Server\Client SDK\ODBC\170\Tools\Binn\;C:\Program Files\Microsoft SQL Server\160\DTS\Binn\;C:\Program Files (x86)\Microsoft SQL Server\160\DTS\Binn\;C:\Program Files\Microsoft SQL Server\150\Tools\Binn\;C:\Program Files\dotnet\;C:\Users\pasic\.console-ninja\.bin;C:\Users\pasic\AppData\Local\pnpm;C:\Program Files\MySQL\MySQL Shell 8.1\bin\;C:\Users\pasic\AppData\Local\Microsoft\WindowsApps;C:\Users\pasic\AppData\Local\Programs\Microsoft VS Code\bin;C:\Users\pasic\AppData\Local\GitHubDesktop\bin;C:\Users\pasic\AppData\Local\Yarn\bin;C:\Program Files\JetBrains\DataGrip 2023.2\bin;;C:\Program Files\JetBrains\WebStorm 2023.2.2\bin;;C:\Users\pasic\AppData\Roaming\npm;C:\Users\pasic\AppData\Local\Programs\Azure Data Studio\bin;C:\Users\pasic\.dotnet\tools

Yarn version: 
  1.22.4

Node version: 
  20.10.0

Platform: 
  win32 x64

Trace: 
  TypeError [ERR_INVALID_ARG_VALUE]: The property 'options.env['npm_package_description']' must be a string without null bytes. Received '\x00#\x00 \x00w\x00a\x00l\x00l\x00e\x00t\x00\r\x00 \x00'
      at validateArgumentNullCheck (node:child_process:973:11)
      at normalizeSpawnArguments (node:child_process:700:7)
      at Object.spawn (node:child_process:754:13)
      at C:\Program Files (x86)\Yarn\lib\cli.js:25829:24
      at new Promise (<anonymous>)
      at new F (C:\Program Files (x86)\Yarn\lib\cli.js:5301:28)
      at C:\Program Files (x86)\Yarn\lib\cli.js:25828:12
      at run (C:\Program Files (x86)\Yarn\lib\cli.js:43132:7)
      at BlockingQueue.maybePushConcurrencyQueue (C:\Program Files (x86)\Yarn\lib\cli.js:43147:7)
      at BlockingQueue.shift (C:\Program Files (x86)\Yarn\lib\cli.js:43142:10)

npm manifest: 
  {
    "devDependencies": {
      "@biomejs/biome": "^1.5.3"
    },
    "scripts": {
      "format": "biome format ./packages/client --write",
      "lint": "biome check ./packages/client",
      "lint:fix": "biome check ./packages/client --apply-unsafe"
    }
  }

yarn manifest: 
  No manifest

Lockfile: 
  No lockfile
